<?xml version="1.0" encoding="UTF-8"?>
<coverage generated="1733329931747" clover="3.2.0">
  <project timestamp="1733329931748" name="All files">
    <metrics statements="31" coveredstatements="19" conditionals="2" coveredconditionals="0" methods="11" coveredmethods="7" elements="44" coveredelements="26" complexity="0" loc="31" ncloc="31" packages="2" files="6" classes="6"/>
    <package name="src">
      <metrics statements="5" coveredstatements="5" conditionals="0" coveredconditionals="0" methods="2" coveredmethods="2"/>
      <file name="helpers.js" path="C:\Users\jjemi\OneDrive\Desktop\AD320\react\CP4\PetTracker\src\helpers.js">
        <metrics statements="5" coveredstatements="5" conditionals="0" coveredconditionals="0" methods="2" coveredmethods="2"/>
        <line num="11" count="1" type="stmt"/>
        <line num="31" count="1" type="stmt"/>
        <line num="39" count="1" type="stmt"/>
        <line num="40" count="1" type="stmt"/>
        <line num="44" count="1" type="stmt"/>
      </file>
    </package>
    <package name="src.components">
      <metrics statements="26" coveredstatements="14" conditionals="2" coveredconditionals="0" methods="9" coveredmethods="5"/>
      <file name="Footer.jsx" path="C:\Users\jjemi\OneDrive\Desktop\AD320\react\CP4\PetTracker\src\components\Footer.jsx">
        <metrics statements="2" coveredstatements="2" conditionals="0" coveredconditionals="0" methods="1" coveredmethods="1"/>
        <line num="10" count="1" type="stmt"/>
        <line num="11" count="1" type="stmt"/>
      </file>
      <file name="Header.jsx" path="C:\Users\jjemi\OneDrive\Desktop\AD320\react\CP4\PetTracker\src\components\Header.jsx">
        <metrics statements="3" coveredstatements="3" conditionals="0" coveredconditionals="0" methods="1" coveredmethods="1"/>
        <line num="14" count="1" type="stmt"/>
        <line num="17" count="1" type="stmt"/>
        <line num="27" count="1" type="stmt"/>
      </file>
      <file name="NotValidUser.jsx" path="C:\Users\jjemi\OneDrive\Desktop\AD320\react\CP4\PetTracker\src\components\NotValidUser.jsx">
        <metrics statements="2" coveredstatements="2" conditionals="0" coveredconditionals="0" methods="1" coveredmethods="1"/>
        <line num="3" count="1" type="stmt"/>
        <line num="4" count="1" type="stmt"/>
      </file>
      <file name="Pet.jsx" path="C:\Users\jjemi\OneDrive\Desktop\AD320\react\CP4\PetTracker\src\components\Pet.jsx">
        <metrics statements="2" coveredstatements="2" conditionals="0" coveredconditionals="0" methods="1" coveredmethods="1"/>
        <line num="16" count="4" type="stmt"/>
        <line num="19" count="4" type="stmt"/>
      </file>
      <file name="PetForm.jsx" path="C:\Users\jjemi\OneDrive\Desktop\AD320\react\CP4\PetTracker\src\components\PetForm.jsx">
        <metrics statements="17" coveredstatements="5" conditionals="2" coveredconditionals="0" methods="5" coveredmethods="1"/>
        <line num="14" count="1" type="stmt"/>
        <line num="15" count="1" type="stmt"/>
        <line num="16" count="1" type="stmt"/>
        <line num="18" count="1" type="stmt"/>
        <line num="27" count="0" type="stmt"/>
        <line num="28" count="0" type="stmt"/>
        <line num="34" count="0" type="stmt"/>
        <line num="35" count="0" type="cond" truecount="0" falsecount="2"/>
        <line num="36" count="0" type="stmt"/>
        <line num="38" count="0" type="stmt"/>
        <line num="39" count="0" type="stmt"/>
        <line num="40" count="0" type="stmt"/>
        <line num="41" count="0" type="stmt"/>
        <line num="46" count="1" type="stmt"/>
        <line num="57" count="0" type="stmt"/>
        <line num="66" count="0" type="stmt"/>
        <line num="76" count="0" type="stmt"/>
      </file>
    </package>
  </project>
</coverage>
