{"C:\\Users\\jjemi\\OneDrive\\Desktop\\AD320\\react\\CP4\\PetTracker\\src\\helpers.js": {"path":"C:\\Users\\jjemi\\OneDrive\\Desktop\\AD320\\react\\CP4\\PetTracker\\src\\helpers.js","statementMap":{"0":{"start":{"line":11,"column":20},"end":{"line":29,"column":5}},"1":{"start":{"line":31,"column":4},"end":{"line":31,"column":69}},"2":{"start":{"line":39,"column":16},"end":{"line":39,"column":40}},"3":{"start":{"line":40,"column":18},"end":{"line":40,"column":45}},"4":{"start":{"line":44,"column":4},"end":{"line":44,"column":35}}},"fnMap":{"0":{"name":"getRandomSpiritAnimal","decl":{"start":{"line":10,"column":16},"end":{"line":10,"column":37}},"loc":{"start":{"line":10,"column":40},"end":{"line":32,"column":1}},"line":10},"1":{"name":"getAge","decl":{"start":{"line":38,"column":16},"end":{"line":38,"column":22}},"loc":{"start":{"line":38,"column":28},"end":{"line":45,"column":1}},"line":38}},"branchMap":{},"s":{"0":1,"1":1,"2":1,"3":1,"4":1},"f":{"0":1,"1":1},"b":{},"_coverageSchema":"1a1c01bbd47fc00a2c39e90264f33305004495a9","hash":"440247d66dfca52deb6dc8edf43484b09e234389"}
,"C:\\Users\\jjemi\\OneDrive\\Desktop\\AD320\\react\\CP4\\PetTracker\\src\\components\\Footer.jsx": {"path":"C:\\Users\\jjemi\\OneDrive\\Desktop\\AD320\\react\\CP4\\PetTracker\\src\\components\\Footer.jsx","statementMap":{"0":{"start":{"line":10,"column":15},"end":{"line":14,"column":1}},"1":{"start":{"line":11,"column":4},"end":{"line":13,"column":13}}},"fnMap":{"0":{"name":"(anonymous_0)","decl":{"start":{"line":10,"column":15},"end":{"line":10,"column":16}},"loc":{"start":{"line":11,"column":4},"end":{"line":13,"column":13}},"line":11}},"branchMap":{},"s":{"0":1,"1":1},"f":{"0":1},"b":{},"_coverageSchema":"1a1c01bbd47fc00a2c39e90264f33305004495a9","hash":"763d7a9518b53ac2aaa3bee20818b5d26f78978c"}
,"C:\\Users\\jjemi\\OneDrive\\Desktop\\AD320\\react\\CP4\\PetTracker\\src\\components\\Header.jsx": {"path":"C:\\Users\\jjemi\\OneDrive\\Desktop\\AD320\\react\\CP4\\PetTracker\\src\\components\\Header.jsx","statementMap":{"0":{"start":{"line":14,"column":15},"end":{"line":25,"column":1}},"1":{"start":{"line":17,"column":4},"end":{"line":24,"column":13}},"2":{"start":{"line":27,"column":0},"end":{"line":30,"column":1}}},"fnMap":{"0":{"name":"(anonymous_0)","decl":{"start":{"line":14,"column":15},"end":{"line":14,"column":16}},"loc":{"start":{"line":17,"column":4},"end":{"line":24,"column":13}},"line":17}},"branchMap":{},"s":{"0":1,"1":1,"2":1},"f":{"0":1},"b":{},"_coverageSchema":"1a1c01bbd47fc00a2c39e90264f33305004495a9","hash":"66d85dbc0b7b9ac49f85ebef7b883a994effedbe"}
,"C:\\Users\\jjemi\\OneDrive\\Desktop\\AD320\\react\\CP4\\PetTracker\\src\\components\\NotValidUser.jsx": {"path":"C:\\Users\\jjemi\\OneDrive\\Desktop\\AD320\\react\\CP4\\PetTracker\\src\\components\\NotValidUser.jsx","statementMap":{"0":{"start":{"line":3,"column":17},"end":{"line":7,"column":1}},"1":{"start":{"line":4,"column":2},"end":{"line":6,"column":8}}},"fnMap":{"0":{"name":"(anonymous_0)","decl":{"start":{"line":3,"column":17},"end":{"line":3,"column":18}},"loc":{"start":{"line":4,"column":2},"end":{"line":6,"column":8}},"line":4}},"branchMap":{},"s":{"0":1,"1":1},"f":{"0":1},"b":{},"_coverageSchema":"1a1c01bbd47fc00a2c39e90264f33305004495a9","hash":"aa7e3ff4057ee2c3abaf0a98d078d7d9c0507ec1"}
,"C:\\Users\\jjemi\\OneDrive\\Desktop\\AD320\\react\\CP4\\PetTracker\\src\\components\\Pet.jsx": {"path":"C:\\Users\\jjemi\\OneDrive\\Desktop\\AD320\\react\\CP4\\PetTracker\\src\\components\\Pet.jsx","statementMap":{"0":{"start":{"line":16,"column":4},"end":{"line":18,"column":5}},"1":{"start":{"line":19,"column":4},"end":{"line":27,"column":5}}},"fnMap":{"0":{"name":"Pet","decl":{"start":{"line":15,"column":24},"end":{"line":15,"column":27}},"loc":{"start":{"line":15,"column":46},"end":{"line":28,"column":1}},"line":15}},"branchMap":{},"s":{"0":4,"1":4},"f":{"0":4},"b":{},"_coverageSchema":"1a1c01bbd47fc00a2c39e90264f33305004495a9","hash":"6b70f9b29189efd2024b201e38e63b6642dcaae8"}
,"C:\\Users\\jjemi\\OneDrive\\Desktop\\AD320\\react\\CP4\\PetTracker\\src\\components\\PetForm.jsx": {"path":"C:\\Users\\jjemi\\OneDrive\\Desktop\\AD320\\react\\CP4\\PetTracker\\src\\components\\PetForm.jsx","statementMap":{"0":{"start":{"line":14,"column":41},"end":{"line":14,"column":53}},"1":{"start":{"line":15,"column":44},"end":{"line":15,"column":56}},"2":{"start":{"line":16,"column":38},"end":{"line":16,"column":50}},"3":{"start":{"line":18,"column":4},"end":{"line":22,"column":7}},"4":{"start":{"line":27,"column":8},"end":{"line":27,"column":27}},"5":{"start":{"line":28,"column":21},"end":{"line":33,"column":9}},"6":{"start":{"line":34,"column":8},"end":{"line":34,"column":36}},"7":{"start":{"line":35,"column":8},"end":{"line":37,"column":9}},"8":{"start":{"line":36,"column":12},"end":{"line":36,"column":42}},"9":{"start":{"line":38,"column":8},"end":{"line":38,"column":38}},"10":{"start":{"line":39,"column":8},"end":{"line":39,"column":25}},"11":{"start":{"line":40,"column":8},"end":{"line":40,"column":26}},"12":{"start":{"line":41,"column":8},"end":{"line":41,"column":28}},"13":{"start":{"line":46,"column":4},"end":{"line":81,"column":5}},"14":{"start":{"line":57,"column":31},"end":{"line":57,"column":60}},"15":{"start":{"line":66,"column":31},"end":{"line":66,"column":59}},"16":{"start":{"line":76,"column":31},"end":{"line":76,"column":62}}},"fnMap":{"0":{"name":"PetForm","decl":{"start":{"line":13,"column":24},"end":{"line":13,"column":31}},"loc":{"start":{"line":13,"column":63},"end":{"line":82,"column":1}},"line":13},"1":{"name":"handleSubmit","decl":{"start":{"line":26,"column":13},"end":{"line":26,"column":25}},"loc":{"start":{"line":26,"column":29},"end":{"line":42,"column":5}},"line":26},"2":{"name":"(anonymous_2)","decl":{"start":{"line":57,"column":26},"end":{"line":57,"column":27}},"loc":{"start":{"line":57,"column":31},"end":{"line":57,"column":60}},"line":57},"3":{"name":"(anonymous_3)","decl":{"start":{"line":66,"column":26},"end":{"line":66,"column":27}},"loc":{"start":{"line":66,"column":31},"end":{"line":66,"column":59}},"line":66},"4":{"name":"(anonymous_4)","decl":{"start":{"line":76,"column":26},"end":{"line":76,"column":27}},"loc":{"start":{"line":76,"column":31},"end":{"line":76,"column":62}},"line":76}},"branchMap":{"0":{"loc":{"start":{"line":35,"column":8},"end":{"line":37,"column":9}},"type":"if","locations":[{"start":{"line":35,"column":8},"end":{"line":37,"column":9}},{"start":{},"end":{}}],"line":35}},"s":{"0":1,"1":1,"2":1,"3":1,"4":0,"5":0,"6":0,"7":0,"8":0,"9":0,"10":0,"11":0,"12":0,"13":1,"14":0,"15":0,"16":0},"f":{"0":1,"1":0,"2":0,"3":0,"4":0},"b":{"0":[0,0]},"_coverageSchema":"1a1c01bbd47fc00a2c39e90264f33305004495a9","hash":"4b55ff603a3a4c28df8ca0dd920a30cdb60ff027"}
}
