{"C:\\Users\\jjemi\\Documents\\AD350 Web Dev\\PetTracker\\src\\firebase.js": {"path":"C:\\Users\\jjemi\\Documents\\AD350 Web Dev\\PetTracker\\src\\firebase.js","statementMap":{"0":{"start":{"line":9,"column":23},"end":{"line":18,"column":1}},"1":{"start":{"line":21,"column":14},"end":{"line":21,"column":43}},"2":{"start":{"line":22,"column":17},"end":{"line":22,"column":35}}},"fnMap":{},"branchMap":{},"s":{"0":1,"1":1,"2":1},"f":{},"b":{},"_coverageSchema":"1a1c01bbd47fc00a2c39e90264f33305004495a9","hash":"6713cbf3fdad3829c536f20ac16647c668523c68"}
,"C:\\Users\\jjemi\\Documents\\AD350 Web Dev\\PetTracker\\src\\helpers.js": {"path":"C:\\Users\\jjemi\\Documents\\AD350 Web Dev\\PetTracker\\src\\helpers.js","statementMap":{"0":{"start":{"line":11,"column":20},"end":{"line":29,"column":5}},"1":{"start":{"line":31,"column":4},"end":{"line":31,"column":69}},"2":{"start":{"line":39,"column":16},"end":{"line":39,"column":40}},"3":{"start":{"line":40,"column":18},"end":{"line":40,"column":45}},"4":{"start":{"line":44,"column":4},"end":{"line":44,"column":35}}},"fnMap":{"0":{"name":"getRandomSpiritAnimal","decl":{"start":{"line":10,"column":16},"end":{"line":10,"column":37}},"loc":{"start":{"line":10,"column":40},"end":{"line":32,"column":1}},"line":10},"1":{"name":"getAge","decl":{"start":{"line":38,"column":16},"end":{"line":38,"column":22}},"loc":{"start":{"line":38,"column":28},"end":{"line":45,"column":1}},"line":38}},"branchMap":{},"s":{"0":1,"1":1,"2":2,"3":2,"4":2},"f":{"0":1,"1":2},"b":{},"_coverageSchema":"1a1c01bbd47fc00a2c39e90264f33305004495a9","hash":"b8f943942b0ad515b6597639ca0f5f7fad4bd4e6"}
,"C:\\Users\\jjemi\\Documents\\AD350 Web Dev\\PetTracker\\src\\components\\Footer.jsx": {"path":"C:\\Users\\jjemi\\Documents\\AD350 Web Dev\\PetTracker\\src\\components\\Footer.jsx","statementMap":{"0":{"start":{"line":10,"column":15},"end":{"line":14,"column":1}},"1":{"start":{"line":11,"column":4},"end":{"line":13,"column":13}}},"fnMap":{"0":{"name":"(anonymous_0)","decl":{"start":{"line":10,"column":15},"end":{"line":10,"column":16}},"loc":{"start":{"line":11,"column":4},"end":{"line":13,"column":13}},"line":11}},"branchMap":{},"s":{"0":1,"1":1},"f":{"0":1},"b":{},"_coverageSchema":"1a1c01bbd47fc00a2c39e90264f33305004495a9","hash":"aaddddf1a5577ffd5c2db331cd2f8c528527da1a"}
,"C:\\Users\\jjemi\\Documents\\AD350 Web Dev\\PetTracker\\src\\components\\Header.jsx": {"path":"C:\\Users\\jjemi\\Documents\\AD350 Web Dev\\PetTracker\\src\\components\\Header.jsx","statementMap":{"0":{"start":{"line":14,"column":15},"end":{"line":25,"column":1}},"1":{"start":{"line":17,"column":4},"end":{"line":24,"column":13}},"2":{"start":{"line":27,"column":0},"end":{"line":30,"column":1}}},"fnMap":{"0":{"name":"(anonymous_0)","decl":{"start":{"line":14,"column":15},"end":{"line":14,"column":16}},"loc":{"start":{"line":17,"column":4},"end":{"line":24,"column":13}},"line":17}},"branchMap":{},"s":{"0":1,"1":1,"2":1},"f":{"0":1},"b":{},"_coverageSchema":"1a1c01bbd47fc00a2c39e90264f33305004495a9","hash":"b7c56e3b44220b54ac0b32833a3608c191c0d4a4"}
,"C:\\Users\\jjemi\\Documents\\AD350 Web Dev\\PetTracker\\src\\components\\LandingPage.jsx": {"path":"C:\\Users\\jjemi\\Documents\\AD350 Web Dev\\PetTracker\\src\\components\\LandingPage.jsx","statementMap":{"0":{"start":{"line":20,"column":13},"end":{"line":20,"column":27}},"1":{"start":{"line":21,"column":17},"end":{"line":21,"column":35}},"2":{"start":{"line":23,"column":20},"end":{"line":107,"column":1}},"3":{"start":{"line":25,"column":19},"end":{"line":25,"column":32}},"4":{"start":{"line":28,"column":2},"end":{"line":35,"column":11}},"5":{"start":{"line":29,"column":24},"end":{"line":33,"column":6}},"6":{"start":{"line":30,"column":6},"end":{"line":32,"column":7}},"7":{"start":{"line":31,"column":8},"end":{"line":31,"column":30}},"8":{"start":{"line":34,"column":4},"end":{"line":34,"column":31}},"9":{"start":{"line":34,"column":17},"end":{"line":34,"column":30}},"10":{"start":{"line":41,"column":22},"end":{"line":56,"column":3}},"11":{"start":{"line":44,"column":4},"end":{"line":44,"column":25}},"12":{"start":{"line":45,"column":22},"end":{"line":45,"column":39}},"13":{"start":{"line":48,"column":4},"end":{"line":55,"column":5}},"14":{"start":{"line":49,"column":22},"end":{"line":49,"column":65}},"15":{"start":{"line":50,"column":6},"end":{"line":54,"column":80}},"16":{"start":{"line":52,"column":8},"end":{"line":52,"column":40}},"17":{"start":{"line":54,"column":24},"end":{"line":54,"column":78}},"18":{"start":{"line":59,"column":23},"end":{"line":72,"column":3}},"19":{"start":{"line":62,"column":4},"end":{"line":66,"column":5}},"20":{"start":{"line":63,"column":6},"end":{"line":63,"column":42}},"21":{"start":{"line":65,"column":6},"end":{"line":65,"column":46}},"22":{"start":{"line":68,"column":4},"end":{"line":70,"column":76}},"23":{"start":{"line":70,"column":22},"end":{"line":70,"column":74}},"24":{"start":{"line":77,"column":2},"end":{"line":106,"column":4}},"25":{"start":{"line":78,"column":6},"end":{"line":95,"column":4}},"26":{"start":{"line":82,"column":53},"end":{"line":82,"column":75}},"27":{"start":{"line":97,"column":4},"end":{"line":106,"column":3}},"28":{"start":{"line":101,"column":82},"end":{"line":101,"column":104}}},"fnMap":{"0":{"name":"(anonymous_0)","decl":{"start":{"line":23,"column":20},"end":{"line":23,"column":21}},"loc":{"start":{"line":23,"column":26},"end":{"line":107,"column":1}},"line":23},"1":{"name":"(anonymous_1)","decl":{"start":{"line":28,"column":12},"end":{"line":28,"column":13}},"loc":{"start":{"line":28,"column":18},"end":{"line":35,"column":5}},"line":28},"2":{"name":"(anonymous_2)","decl":{"start":{"line":29,"column":49},"end":{"line":29,"column":50}},"loc":{"start":{"line":29,"column":59},"end":{"line":33,"column":5}},"line":29},"3":{"name":"(anonymous_3)","decl":{"start":{"line":34,"column":11},"end":{"line":34,"column":12}},"loc":{"start":{"line":34,"column":17},"end":{"line":34,"column":30}},"line":34},"4":{"name":"(anonymous_4)","decl":{"start":{"line":41,"column":22},"end":{"line":41,"column":23}},"loc":{"start":{"line":41,"column":42},"end":{"line":56,"column":3}},"line":41},"5":{"name":"(anonymous_5)","decl":{"start":{"line":51,"column":12},"end":{"line":51,"column":13}},"loc":{"start":{"line":51,"column":18},"end":{"line":53,"column":7}},"line":51},"6":{"name":"(anonymous_6)","decl":{"start":{"line":54,"column":13},"end":{"line":54,"column":14}},"loc":{"start":{"line":54,"column":24},"end":{"line":54,"column":78}},"line":54},"7":{"name":"(anonymous_7)","decl":{"start":{"line":59,"column":23},"end":{"line":59,"column":24}},"loc":{"start":{"line":59,"column":41},"end":{"line":72,"column":3}},"line":59},"8":{"name":"(anonymous_8)","decl":{"start":{"line":70,"column":11},"end":{"line":70,"column":12}},"loc":{"start":{"line":70,"column":22},"end":{"line":70,"column":74}},"line":70},"9":{"name":"(anonymous_9)","decl":{"start":{"line":82,"column":46},"end":{"line":82,"column":47}},"loc":{"start":{"line":82,"column":52},"end":{"line":82,"column":76}},"line":82},"10":{"name":"(anonymous_10)","decl":{"start":{"line":101,"column":76},"end":{"line":101,"column":77}},"loc":{"start":{"line":101,"column":82},"end":{"line":101,"column":104}},"line":101}},"branchMap":{"0":{"loc":{"start":{"line":30,"column":6},"end":{"line":32,"column":7}},"type":"if","locations":[{"start":{"line":30,"column":6},"end":{"line":32,"column":7}},{"start":{},"end":{}}],"line":30},"1":{"loc":{"start":{"line":48,"column":4},"end":{"line":55,"column":5}},"type":"if","locations":[{"start":{"line":48,"column":4},"end":{"line":55,"column":5}},{"start":{},"end":{}}],"line":48},"2":{"loc":{"start":{"line":62,"column":4},"end":{"line":66,"column":5}},"type":"if","locations":[{"start":{"line":62,"column":4},"end":{"line":66,"column":5}},{"start":{"line":64,"column":11},"end":{"line":66,"column":5}}],"line":62},"3":{"loc":{"start":{"line":77,"column":2},"end":{"line":106,"column":4}},"type":"if","locations":[{"start":{"line":77,"column":2},"end":{"line":106,"column":4}},{"start":{"line":96,"column":9},"end":{"line":106,"column":4}}],"line":77}},"s":{"0":1,"1":1,"2":1,"3":1,"4":1,"5":1,"6":1,"7":0,"8":1,"9":1,"10":1,"11":0,"12":0,"13":0,"14":0,"15":0,"16":0,"17":0,"18":1,"19":0,"20":0,"21":0,"22":0,"23":0,"24":1,"25":0,"26":0,"27":1,"28":0},"f":{"0":1,"1":1,"2":1,"3":1,"4":0,"5":0,"6":0,"7":0,"8":0,"9":0,"10":0},"b":{"0":[0,1],"1":[0,0],"2":[0,0],"3":[0,1]},"_coverageSchema":"1a1c01bbd47fc00a2c39e90264f33305004495a9","hash":"3843ddec0f719b7ff32074d090280c6011b7bcaa"}
,"C:\\Users\\jjemi\\Documents\\AD350 Web Dev\\PetTracker\\src\\components\\NotValidUser.jsx": {"path":"C:\\Users\\jjemi\\Documents\\AD350 Web Dev\\PetTracker\\src\\components\\NotValidUser.jsx","statementMap":{"0":{"start":{"line":3,"column":17},"end":{"line":7,"column":1}},"1":{"start":{"line":4,"column":2},"end":{"line":6,"column":8}}},"fnMap":{"0":{"name":"(anonymous_0)","decl":{"start":{"line":3,"column":17},"end":{"line":3,"column":18}},"loc":{"start":{"line":4,"column":2},"end":{"line":6,"column":8}},"line":4}},"branchMap":{},"s":{"0":1,"1":1},"f":{"0":1},"b":{},"_coverageSchema":"1a1c01bbd47fc00a2c39e90264f33305004495a9","hash":"8707a50154667b30c519e7cfa56f6512de32d2bd"}
,"C:\\Users\\jjemi\\Documents\\AD350 Web Dev\\PetTracker\\src\\components\\Pet.jsx": {"path":"C:\\Users\\jjemi\\Documents\\AD350 Web Dev\\PetTracker\\src\\components\\Pet.jsx","statementMap":{"0":{"start":{"line":16,"column":4},"end":{"line":18,"column":5}},"1":{"start":{"line":19,"column":4},"end":{"line":27,"column":5}}},"fnMap":{"0":{"name":"Pet","decl":{"start":{"line":15,"column":24},"end":{"line":15,"column":27}},"loc":{"start":{"line":15,"column":46},"end":{"line":28,"column":1}},"line":15}},"branchMap":{},"s":{"0":1,"1":1},"f":{"0":1},"b":{},"_coverageSchema":"1a1c01bbd47fc00a2c39e90264f33305004495a9","hash":"2804e1e3ba5fac0fbe9d7b597d8843a6967d9382"}
,"C:\\Users\\jjemi\\Documents\\AD350 Web Dev\\PetTracker\\src\\components\\PetForm.jsx": {"path":"C:\\Users\\jjemi\\Documents\\AD350 Web Dev\\PetTracker\\src\\components\\PetForm.jsx","statementMap":{"0":{"start":{"line":14,"column":41},"end":{"line":14,"column":53}},"1":{"start":{"line":15,"column":44},"end":{"line":15,"column":56}},"2":{"start":{"line":16,"column":38},"end":{"line":16,"column":50}},"3":{"start":{"line":18,"column":4},"end":{"line":22,"column":7}},"4":{"start":{"line":27,"column":8},"end":{"line":27,"column":27}},"5":{"start":{"line":28,"column":21},"end":{"line":33,"column":9}},"6":{"start":{"line":34,"column":8},"end":{"line":34,"column":36}},"7":{"start":{"line":35,"column":8},"end":{"line":37,"column":9}},"8":{"start":{"line":36,"column":12},"end":{"line":36,"column":42}},"9":{"start":{"line":38,"column":8},"end":{"line":38,"column":38}},"10":{"start":{"line":39,"column":8},"end":{"line":39,"column":25}},"11":{"start":{"line":40,"column":8},"end":{"line":40,"column":26}},"12":{"start":{"line":41,"column":8},"end":{"line":41,"column":28}},"13":{"start":{"line":46,"column":4},"end":{"line":81,"column":5}},"14":{"start":{"line":57,"column":31},"end":{"line":57,"column":60}},"15":{"start":{"line":66,"column":31},"end":{"line":66,"column":59}},"16":{"start":{"line":76,"column":31},"end":{"line":76,"column":62}}},"fnMap":{"0":{"name":"PetForm","decl":{"start":{"line":13,"column":24},"end":{"line":13,"column":31}},"loc":{"start":{"line":13,"column":63},"end":{"line":82,"column":1}},"line":13},"1":{"name":"handleSubmit","decl":{"start":{"line":26,"column":13},"end":{"line":26,"column":25}},"loc":{"start":{"line":26,"column":29},"end":{"line":42,"column":5}},"line":26},"2":{"name":"(anonymous_2)","decl":{"start":{"line":57,"column":26},"end":{"line":57,"column":27}},"loc":{"start":{"line":57,"column":31},"end":{"line":57,"column":60}},"line":57},"3":{"name":"(anonymous_3)","decl":{"start":{"line":66,"column":26},"end":{"line":66,"column":27}},"loc":{"start":{"line":66,"column":31},"end":{"line":66,"column":59}},"line":66},"4":{"name":"(anonymous_4)","decl":{"start":{"line":76,"column":26},"end":{"line":76,"column":27}},"loc":{"start":{"line":76,"column":31},"end":{"line":76,"column":62}},"line":76}},"branchMap":{"0":{"loc":{"start":{"line":35,"column":8},"end":{"line":37,"column":9}},"type":"if","locations":[{"start":{"line":35,"column":8},"end":{"line":37,"column":9}},{"start":{},"end":{}}],"line":35}},"s":{"0":1,"1":1,"2":1,"3":1,"4":0,"5":0,"6":0,"7":0,"8":0,"9":0,"10":0,"11":0,"12":0,"13":1,"14":0,"15":0,"16":0},"f":{"0":1,"1":0,"2":0,"3":0,"4":0},"b":{"0":[0,0]},"_coverageSchema":"1a1c01bbd47fc00a2c39e90264f33305004495a9","hash":"d31bea57bb78f5be7ac5fc75989ee1b5181429bf"}
}
