TN:
SF:src\helpers.js
FN:10,getRandomSpiritAnimal
FN:38,getAge
FNF:2
FNH:2
FNDA:1,getRandomSpiritAnimal
FNDA:1,getAge
DA:11,1
DA:31,1
DA:39,1
DA:40,1
DA:44,1
LF:5
LH:5
BRF:0
BRH:0
end_of_record
TN:
SF:src\components\Footer.jsx
FN:10,(anonymous_0)
FNF:1
FNH:1
FNDA:1,(anonymous_0)
DA:10,1
DA:11,1
LF:2
LH:2
BRF:0
BRH:0
end_of_record
TN:
SF:src\components\Header.jsx
FN:14,(anonymous_0)
FNF:1
FNH:1
FNDA:1,(anonymous_0)
DA:14,1
DA:17,1
DA:27,1
LF:3
LH:3
BRF:0
BRH:0
end_of_record
TN:
SF:src\components\NotValidUser.jsx
FN:3,(anonymous_0)
FNF:1
FNH:1
FNDA:1,(anonymous_0)
DA:3,1
DA:4,1
LF:2
LH:2
BRF:0
BRH:0
end_of_record
TN:
SF:src\components\Pet.jsx
FN:15,Pet
FNF:1
FNH:1
FNDA:4,Pet
DA:16,4
DA:19,4
LF:2
LH:2
BRF:0
BRH:0
end_of_record
TN:
SF:src\components\PetForm.jsx
FN:13,PetForm
FN:26,handleSubmit
FN:57,(anonymous_2)
FN:66,(anonymous_3)
FN:76,(anonymous_4)
FNF:5
FNH:1
FNDA:1,PetForm
FNDA:0,handleSubmit
FNDA:0,(anonymous_2)
FNDA:0,(anonymous_3)
FNDA:0,(anonymous_4)
DA:14,1
DA:15,1
DA:16,1
DA:18,1
DA:27,0
DA:28,0
DA:34,0
DA:35,0
DA:36,0
DA:38,0
DA:39,0
DA:40,0
DA:41,0
DA:46,1
DA:57,0
DA:66,0
DA:76,0
LF:17
LH:5
BRDA:35,0,0,0
BRDA:35,0,1,0
BRF:2
BRH:0
end_of_record
